[2023-05-13T12:27:43.793+0000] {logging_mixin.py:149} INFO - Changing /opt/***/logs/dag_id=process-employees/run_id=scheduled__2023-05-12T00:00:00+00:00/task_id=create_employees_table permission to 509
[2023-05-13T12:27:43.825+0000] {logging_mixin.py:149} INFO - Changing /opt/***/logs/dag_id=process-employees/run_id=scheduled__2023-05-12T00:00:00+00:00/task_id=create_employees_table permission to 509
[2023-05-13T12:27:43.864+0000] {taskinstance.py:1125} INFO - Dependencies all met for dep_context=non-requeueable deps ti=<TaskInstance: process-employees.create_employees_table scheduled__2023-05-12T00:00:00+00:00 [queued]>
[2023-05-13T12:27:43.873+0000] {taskinstance.py:1125} INFO - Dependencies all met for dep_context=requeueable deps ti=<TaskInstance: process-employees.create_employees_table scheduled__2023-05-12T00:00:00+00:00 [queued]>
[2023-05-13T12:27:43.874+0000] {taskinstance.py:1331} INFO - Starting attempt 1 of 1
[2023-05-13T12:27:43.897+0000] {taskinstance.py:1350} INFO - Executing <Task(PostgresOperator): create_employees_table> on 2023-05-12 00:00:00+00:00
[2023-05-13T12:27:43.905+0000] {standard_task_runner.py:57} INFO - Started process 462 to run task
[2023-05-13T12:27:43.916+0000] {standard_task_runner.py:84} INFO - Running: ['***', 'tasks', 'run', 'process-employees', 'create_employees_table', 'scheduled__2023-05-12T00:00:00+00:00', '--job-id', '4', '--raw', '--subdir', 'DAGS_FOLDER/tutorial_pipeline.py', '--cfg-path', '/tmp/tmpnlcc6rdh']
[2023-05-13T12:27:43.933+0000] {standard_task_runner.py:85} INFO - Job 4: Subtask create_employees_table
[2023-05-13T12:27:44.128+0000] {logging_mixin.py:149} INFO - Changing /opt/***/logs/dag_id=process-employees/run_id=scheduled__2023-05-12T00:00:00+00:00/task_id=create_employees_table permission to 509
[2023-05-13T12:27:44.132+0000] {task_command.py:410} INFO - Running <TaskInstance: process-employees.create_employees_table scheduled__2023-05-12T00:00:00+00:00 [running]> on host 7782a178ca1f
[2023-05-13T12:27:44.237+0000] {taskinstance.py:1570} INFO - Exporting env vars: AIRFLOW_CTX_DAG_OWNER='***' AIRFLOW_CTX_DAG_ID='process-employees' AIRFLOW_CTX_TASK_ID='create_employees_table' AIRFLOW_CTX_EXECUTION_DATE='2023-05-12T00:00:00+00:00' AIRFLOW_CTX_TRY_NUMBER='1' AIRFLOW_CTX_DAG_RUN_ID='scheduled__2023-05-12T00:00:00+00:00'
[2023-05-13T12:27:44.241+0000] {sql.py:262} INFO - Executing: 
            CREATE TABLE IF NOT EXISTS employees (
                "Serial Number" NUMERIC PRIMARY KEY,
                "Company Name" TEXT,
                "Employee Markme" TEXT,
                "Description" TEXT,
                "Leave" INTEGER
            );
[2023-05-13T12:27:44.277+0000] {base.py:73} INFO - Using connection ID 'tutorial_pg_conn' for task execution.
[2023-05-13T12:27:44.373+0000] {base.py:73} INFO - Using connection ID 'tutorial_pg_conn' for task execution.
[2023-05-13T12:27:44.386+0000] {sql.py:375} INFO - Running statement: 
            CREATE TABLE IF NOT EXISTS employees (
                "Serial Number" NUMERIC PRIMARY KEY,
                "Company Name" TEXT,
                "Employee Markme" TEXT,
                "Description" TEXT,
                "Leave" INTEGER
            );, parameters: None
[2023-05-13T12:27:44.416+0000] {taskinstance.py:1373} INFO - Marking task as SUCCESS. dag_id=process-employees, task_id=create_employees_table, execution_date=20230512T000000, start_date=20230513T122743, end_date=20230513T122744
[2023-05-13T12:27:44.459+0000] {local_task_job_runner.py:232} INFO - Task exited with return code 0
[2023-05-13T12:27:44.501+0000] {taskinstance.py:2674} INFO - 1 downstream tasks scheduled from follow-on schedule check
